<?xml version="1.0" encoding="UTF-8"?>
<!-- Generated by org.testng.reporters.JUnitReportReporter -->
<testsuite skipped="0" hostname="S31675" name="seleniumTestNG.NGTestSuite" tests="7" failures="0" timestamp="21 Jun 2017 00:03:29 GMT" time="11.411" errors="0">
  <testcase name="verifyTitle" time="1.038" classname="seleniumTestNG.NGTestSuite"/>
  <testcase name="signIn" time="1.552" classname="seleniumTestNG.NGTestSuite"/>
  <testcase name="verifyLinkElements" time="2.916" classname="seleniumTestNG.NGTestSuite"/>
  <testcase name="flightDetails" time="1.808" classname="seleniumTestNG.NGTestSuite"/>
  <testcase name="verifyDepartCity" time="1.194" classname="seleniumTestNG.NGTestSuite"/>
  <testcase name="securePurchase" time="1.348" classname="seleniumTestNG.NGTestSuite"/>
  <testcase name="flightConfirmation" time="1.555" classname="seleniumTestNG.NGTestSuite"/>
</testsuite> <!-- seleniumTestNG.NGTestSuite -->
