<?xml version="1.0" encoding="UTF-8"?>
<!-- Generated by org.testng.reporters.JUnitReportReporter -->
<testsuite skipped="0" hostname="S31675" name="samples.NGTestSuite" tests="7" failures="0" timestamp="21 Jun 2017 00:27:22 GMT" time="12.153" errors="0">
  <testcase name="verifyTitle" time="1.038" classname="samples.NGTestSuite"/>
  <testcase name="signIn" time="1.487" classname="samples.NGTestSuite"/>
  <testcase name="verifyLinkElements" time="3.793" classname="samples.NGTestSuite"/>
  <testcase name="flightDetails" time="1.816" classname="samples.NGTestSuite"/>
  <testcase name="verifyDepartCity" time="1.196" classname="samples.NGTestSuite"/>
  <testcase name="securePurchase" time="1.342" classname="samples.NGTestSuite"/>
  <testcase name="flightConfirmation" time="1.481" classname="samples.NGTestSuite"/>
</testsuite> <!-- samples.NGTestSuite -->
