<?xml version="1.0" encoding="UTF-8"?>
<!-- Generated by org.testng.reporters.JUnitReportReporter -->
<testsuite hostname="vasavi-PC" name="seleniumTestNG.NewTest" tests="7" failures="0" timestamp="6 Jun 2016 02:09:23 GMT" time="11.288" errors="0">
  <testcase name="verifyDepartCity" time="0.748" classname="seleniumTestNG.NewTest"/>
  <testcase name="signIn" time="3.164" classname="seleniumTestNG.NewTest"/>
  <testcase name="securePurchase" time="1.236" classname="seleniumTestNG.NewTest"/>
  <testcase name="verifyLinkElements" time="3.721" classname="seleniumTestNG.NewTest"/>
  <testcase name="verifyTitle" time="0.079" classname="seleniumTestNG.NewTest"/>
  <testcase name="flightConfirmation" time="0.790" classname="seleniumTestNG.NewTest"/>
  <testcase name="flightDetails" time="1.550" classname="seleniumTestNG.NewTest"/>
</testsuite> <!-- seleniumTestNG.NewTest -->
